Canícula
Criatura horrísona
Borícua
Abisal
Bosquimano
Quelonio
Saurópodo
Mastodonte
Plantígrado
Chupóptero
Correveidiles
Chiquilicuatros
Abrazafarolas
Maletero
Cantamañanas
Lametraserillos
Chaquetero
Villano
Coleóptero
Bellaco
Rufián
Filibustero
Funambulista
Prestidigitador
Proboscidio
Paquidermo
Basilisco
Charnego
Cabestro
Carcamal
Turla
Taranto
Clavicornio
Proslambanomenos
Procopio
Malandrín
Axiamo
Nabucodonosorcitos
Soplagaitas
Lobisome
Troglodita
Arepa
Coldete
Cachalote
Confabulación
Alimaña
Infumable
Dramaturgo
Beodo
Cubículo
Clavencéfalo
Irredento
Huraño
Hambruna
Enfarlopado
Bandolero
Impresentable
Burrucho
